<?xml version="1.0" encoding="UTF-8" ?>
<testsuite tests="3" failures="0" name="Runner.TestRunner" time="18.433" errors="0" skipped="0">
  <properties>
[...]
</properties>
  <testcase classname="Validating the login page of application #1" name="Login the application with valid cerdentials" time="8.072"/>
  <testcase classname="Validating the login page of application #2" name="Login the application with valid cerdentials #1" time="5.619"/>
  <testcase classname="Validating the login page of application #2" name="Login the application with valid cerdentials #2" time="4.742"/>
</testsuite>